<?xml version="1.0" encoding="UTF-8"?>
<!-- Generated by org.testng.reporters.JUnitReportReporter -->
<testsuite hostname="Lidyas-MBP" failures="0" tests="2" name="SauceDemo.SauceDemoProject.HomePageTest" time="1.423" errors="0" timestamp="2024-07-08T04:08:47 WIB" skipped="0">
  <testcase classname="SauceDemo.SauceDemoProject.HomePageTest" name="addtoCartfromPDP" time="1.118"/>
  <testcase classname="SauceDemo.SauceDemoProject.HomePageTest" name="addtoCart" time="0.305"/>
</testsuite> <!-- SauceDemo.SauceDemoProject.HomePageTest -->
