<?xml version="1.0" encoding="UTF-8"?>
<!-- Generated by org.testng.reporters.JUnitReportReporter -->
<testsuite hostname="Lidyas-MBP" failures="0" tests="2" name="SauceDemo.SauceDemoProject.LoginPageTest" time="6.219" errors="0" timestamp="2024-07-08T18:04:53 WIB" skipped="0">
  <testcase classname="SauceDemo.SauceDemoProject.LoginPageTest" name="loginFailed" time="3.697"/>
  <testcase classname="SauceDemo.SauceDemoProject.LoginPageTest" name="loginSuccess" time="2.522"/>
</testsuite> <!-- SauceDemo.SauceDemoProject.LoginPageTest -->
