<?xml version="1.0" encoding="UTF-8"?>
<!-- Generated by org.testng.reporters.JUnitReportReporter -->
<testsuite hostname="Lidyas-MBP" failures="0" tests="1" name="SauceDemo.SauceDemoProject.finishCheckoutTest" time="8.203" errors="0" timestamp="2024-07-08T18:02:17 WIB" skipped="0">
  <testcase classname="SauceDemo.SauceDemoProject.finishCheckoutTest" name="finishCheckout" time="8.203"/>
</testsuite> <!-- SauceDemo.SauceDemoProject.finishCheckoutTest -->
