<?xml version="1.0" encoding="UTF-8"?>
<!-- Generated by org.testng.reporters.JUnitReportReporter -->
<testsuite hostname="Lidyas-MBP" failures="0" tests="4" name="SauceDemo.SauceDemoProject.BuyProductTest" time="3.889" errors="0" timestamp="2024-07-08T17:46:41 WIB" skipped="0">
  <testcase classname="SauceDemo.SauceDemoProject.BuyProductTest" name="checkoutCart" time="0.268"/>
  <testcase classname="SauceDemo.SauceDemoProject.BuyProductTest" name="addtoCartfromPDP" time="0.978"/>
  <testcase classname="SauceDemo.SauceDemoProject.BuyProductTest" name="addtoCart" time="0.328"/>
  <testcase classname="SauceDemo.SauceDemoProject.BuyProductTest" name="continueCheckout" time="2.315"/>
</testsuite> <!-- SauceDemo.SauceDemoProject.BuyProductTest -->
